<?xml version="1.0" encoding="UTF-8"?>
<!-- Generated by org.testng.reporters.JUnitXMLReporter -->
<testsuite hostname="BobITs-Mac-mini.fios-router.home" ignored="3" name="Default test" tests="1" failures="0" timestamp="2021-03-23T21:36:49 EDT" time="0.041" errors="0">
  <testcase name="getPageCount" time="0.005" classname="com.ilhanturkmen.paginationhelper.test.PaginationHelperTest"/>
  <testcase name="getPageIndex" time="0.0" classname="com.ilhanturkmen.paginationhelper.test.PaginationHelperTest">
    <ignored/>
  </testcase> <!-- getPageIndex -->
  <testcase name="getPageItemCount" time="0.0" classname="com.ilhanturkmen.paginationhelper.test.PaginationHelperTest">
    <ignored/>
  </testcase> <!-- getPageItemCount -->
  <testcase name="getItemCount" time="0.0" classname="com.ilhanturkmen.paginationhelper.test.PaginationHelperTest">
    <ignored/>
  </testcase> <!-- getItemCount -->
</testsuite> <!-- Default test -->
