<?xml version="1.0" encoding="UTF-8"?>
<!-- Generated by org.testng.reporters.JUnitXMLReporter -->
<testsuite hostname="BobITs-Mac-mini.fios-router.home" ignored="0" name="Test" tests="4" failures="0" timestamp="2021-03-22T23:19:14 EDT" time="0.048" errors="0">
  <testcase name="getItemCount" time="0.008" classname="com.ilhanturkmen.paginationhelper.test.PaginationHelperTest"/>
  <testcase name="getPageIndex" time="0.001" classname="com.ilhanturkmen.paginationhelper.test.PaginationHelperTest"/>
  <testcase name="getPageCount" time="0.001" classname="com.ilhanturkmen.paginationhelper.test.PaginationHelperTest"/>
  <testcase name="getPageItemCount" time="0.0" classname="com.ilhanturkmen.paginationhelper.test.PaginationHelperTest"/>
</testsuite> <!-- Test -->
