<?xml version="1.0" encoding="UTF-8"?>
<testng-results skipped="0" failed="0" ignored="3" total="4" passed="1">
  <reporter-output>
  </reporter-output>
  <suite name="com.ilhanturkmen.paginationhelper.test.PaginationHelperTest" duration-ms="40" started-at="2021-03-22T23:22:38 EDT" finished-at="2021-03-22T23:22:38 EDT">
    <groups>
    </groups>
    <test name="Command line test" duration-ms="40" started-at="2021-03-22T23:22:38 EDT" finished-at="2021-03-22T23:22:38 EDT">
      <class name="com.ilhanturkmen.paginationhelper.test.PaginationHelperTest">
        <test-method status="PASS" signature="setup()[pri:0, instance:com.ilhanturkmen.paginationhelper.test.PaginationHelperTest@46d56d67]" name="setup" is-config="true" duration-ms="4" started-at="2021-03-22T23:22:38 EDT" finished-at="2021-03-22T23:22:38 EDT">
          <reporter-output>
          </reporter-output>
        </test-method> <!-- setup -->
        <test-method status="PASS" signature="getItemCount()[pri:1, instance:com.ilhanturkmen.paginationhelper.test.PaginationHelperTest@46d56d67]" name="getItemCount" duration-ms="2" started-at="2021-03-22T23:22:38 EDT" description="item count should match 6" finished-at="2021-03-22T23:22:38 EDT">
          <reporter-output>
          </reporter-output>
        </test-method> <!-- getItemCount -->
      </class> <!-- com.ilhanturkmen.paginationhelper.test.PaginationHelperTest -->
    </test> <!-- Command line test -->
  </suite> <!-- com.ilhanturkmen.paginationhelper.test.PaginationHelperTest -->
</testng-results>
