<?xml version="1.0" encoding="UTF-8"?>
<!-- Generated by org.testng.reporters.JUnitXMLReporter -->
<testsuite hostname="BobITs-Mac-mini.fios-router.home" ignored="3" name="Command line test" tests="1" failures="0" timestamp="2021-03-22T23:22:38 EDT" time="0.04" errors="0">
  <testcase name="getItemCount" time="0.002" classname="com.ilhanturkmen.paginationhelper.test.PaginationHelperTest"/>
  <testcase name="getPageIndex" time="0.0" classname="com.ilhanturkmen.paginationhelper.test.PaginationHelperTest">
    <ignored/>
  </testcase> <!-- getPageIndex -->
  <testcase name="getPageItemCount" time="0.0" classname="com.ilhanturkmen.paginationhelper.test.PaginationHelperTest">
    <ignored/>
  </testcase> <!-- getPageItemCount -->
  <testcase name="getPageCount" time="0.0" classname="com.ilhanturkmen.paginationhelper.test.PaginationHelperTest">
    <ignored/>
  </testcase> <!-- getPageCount -->
</testsuite> <!-- Command line test -->
