<?xml version="1.0" encoding="UTF-8"?>
<testng-results skipped="0" failed="0" ignored="3" total="4" passed="1">
  <reporter-output>
  </reporter-output>
  <suite name="Default suite" duration-ms="41" started-at="2021-03-23T21:36:49 EDT" finished-at="2021-03-23T21:36:49 EDT">
    <groups>
    </groups>
    <test name="Default test" duration-ms="41" started-at="2021-03-23T21:36:49 EDT" finished-at="2021-03-23T21:36:49 EDT">
      <class name="com.ilhanturkmen.paginationhelper.test.PaginationHelperTest">
        <test-method status="PASS" signature="setup()[pri:0, instance:com.ilhanturkmen.paginationhelper.test.PaginationHelperTest@3d99d22e]" name="setup" is-config="true" duration-ms="4" started-at="2021-03-23T21:36:49 EDT" finished-at="2021-03-23T21:36:49 EDT">
          <reporter-output>
          </reporter-output>
        </test-method> <!-- setup -->
        <test-method status="PASS" signature="getPageCount()[pri:2, instance:com.ilhanturkmen.paginationhelper.test.PaginationHelperTest@3d99d22e]" name="getPageCount" duration-ms="5" started-at="2021-03-23T21:36:49 EDT" description="page count should match 2" finished-at="2021-03-23T21:36:49 EDT">
          <reporter-output>
          </reporter-output>
        </test-method> <!-- getPageCount -->
      </class> <!-- com.ilhanturkmen.paginationhelper.test.PaginationHelperTest -->
    </test> <!-- Default test -->
  </suite> <!-- Default suite -->
</testng-results>
